<?xml version="1.0" encoding="UTF-8"?>
<testng-results skipped="0" failed="0" total="1" passed="1">
  <reporter-output>
    <line>
      <![CDATA[=====Browser Session Started=====]]>
    </line>
    <line>
      <![CDATA[=====Browser Session End=========]]>
    </line>
  </reporter-output>
  <suite name="Atv_Automation" duration-ms="47659" started-at="2017-07-24T10:45:16Z" finished-at="2017-07-24T10:46:04Z">
    <groups>
    </groups>
    <test name="Atv_Automation" duration-ms="47659" started-at="2017-07-24T10:45:16Z" finished-at="2017-07-24T10:46:04Z">
      <class name="com.atv.testscripts.TestSuite">
        <test-method status="PASS" signature="setUp(java.lang.String)[pri:0, instance:com.atv.testscripts.TestSuite@b3ca52e]" name="setUp" is-config="true" duration-ms="26119" started-at="2017-07-24T16:15:16Z" finished-at="2017-07-24T16:15:42Z">
          <params>
            <param index="0">
              <value>
                <![CDATA[chrome]]>
              </value>
            </param>
          </params>
          <reporter-output>
            <line>
              <![CDATA[=====Browser Session Started=====]]>
            </line>
          </reporter-output>
        </test-method> <!-- setUp -->
        <test-method status="PASS" signature="Login(com.atv.datainitialization.DataInt)[pri:1, instance:com.atv.testscripts.TestSuite@b3ca52e]" name="Login" duration-ms="16475" started-at="2017-07-24T16:15:42Z" description="Login" data-provider="getLogin" finished-at="2017-07-24T16:15:59Z">
          <params>
            <param index="0">
              <value>
                <![CDATA[com.atv.datainitialization.DataInt@158a3b2e]]>
              </value>
            </param>
          </params>
          <reporter-output>
          </reporter-output>
        </test-method> <!-- Login -->
        <test-method status="PASS" signature="close()[pri:0, instance:com.atv.testscripts.TestSuite@b3ca52e]" name="close" is-config="true" duration-ms="5001" started-at="2017-07-24T16:15:59Z" finished-at="2017-07-24T16:16:04Z">
          <reporter-output>
            <line>
              <![CDATA[=====Browser Session End=========]]>
            </line>
          </reporter-output>
        </test-method> <!-- close -->
      </class> <!-- com.atv.testscripts.TestSuite -->
    </test> <!-- Atv_Automation -->
  </suite> <!-- Atv_Automation -->
</testng-results>
